This is pdfTeX, Version 3.14159265-2.6-1.40.16 (MiKTeX 2.9) (preloaded format=pdflatex 2015.11.24)  14 FEB 2017 15:23
entering extended mode
**"Sujet IPT 2017.tex"
("Sujet IPT 2017.tex"
LaTeX2e <2015/01/01> patch level 2
Babel <3.9m> and hyphenation patterns for 69 languages loaded.
(C:\Users\pt_ptsi\Desktop\LateX\tex\latex\base\article.cls
Document Class: article 2014/09/29 v1.4h Standard LaTeX document class
(C:\Users\pt_ptsi\Desktop\LateX\tex\latex\base\size10.clo
File: size10.clo 2014/09/29 v1.4h Standard LaTeX file (size option)
)
\c@part=\count79
\c@section=\count80
\c@subsection=\count81
\c@subsubsection=\count82
\c@paragraph=\count83
\c@subparagraph=\count84
\c@figure=\count85
\c@table=\count86
\abovecaptionskip=\skip41
\belowcaptionskip=\skip42
\bibindent=\dimen102
)
(C:\Users\pt_ptsi\Desktop\LateX\tex\latex\geometry\geometry.sty
Package: geometry 2010/09/12 v5.6 Page Geometry

(C:\Users\pt_ptsi\Desktop\LateX\tex\latex\graphics\keyval.sty
Package: keyval 2014/10/28 v1.15 key=value parser (DPC)
\KV@toks@=\toks14
)
(C:\Users\pt_ptsi\Desktop\LateX\tex\generic\oberdiek\ifpdf.sty
Package: ifpdf 2011/01/30 v2.3 Provides the ifpdf switch (HO)
Package ifpdf Info: pdfTeX in PDF mode is detected.
)
(C:\Users\pt_ptsi\Desktop\LateX\tex\generic\oberdiek\ifvtex.sty
Package: ifvtex 2010/03/01 v1.5 Detect VTeX and its facilities (HO)
Package ifvtex Info: VTeX not detected.
)
(C:\Users\pt_ptsi\Desktop\LateX\tex\generic\ifxetex\ifxetex.sty
Package: ifxetex 2010/09/12 v0.6 Provides ifxetex conditional
)
\Gm@cnth=\count87
\Gm@cntv=\count88
\c@Gm@tempcnt=\count89
\Gm@bindingoffset=\dimen103
\Gm@wd@mp=\dimen104
\Gm@odd@mp=\dimen105
\Gm@even@mp=\dimen106
\Gm@layoutwidth=\dimen107
\Gm@layoutheight=\dimen108
\Gm@layouthoffset=\dimen109
\Gm@layoutvoffset=\dimen110
\Gm@dimlist=\toks15

(C:\Users\pt_ptsi\Desktop\LateX\tex\latex\geometry\geometry.cfg))
(C:\Users\pt_ptsi\Desktop\LateX\tex\latex\amsmath\amsmath.sty
Package: amsmath 2013/01/14 v2.14 AMS math features
\@mathmargin=\skip43

For additional information on amsmath, use the `?' option.
(C:\Users\pt_ptsi\Desktop\LateX\tex\latex\amsmath\amstext.sty
Package: amstext 2000/06/29 v2.01

(C:\Users\pt_ptsi\Desktop\LateX\tex\latex\amsmath\amsgen.sty
File: amsgen.sty 1999/11/30 v2.0
\@emptytoks=\toks16
\ex@=\dimen111
))
(C:\Users\pt_ptsi\Desktop\LateX\tex\latex\amsmath\amsbsy.sty
Package: amsbsy 1999/11/29 v1.2d
\pmbraise@=\dimen112
)
(C:\Users\pt_ptsi\Desktop\LateX\tex\latex\amsmath\amsopn.sty
Package: amsopn 1999/12/14 v2.01 operator names
)
\inf@bad=\count90
LaTeX Info: Redefining \frac on input line 210.
\uproot@=\count91
\leftroot@=\count92
LaTeX Info: Redefining \overline on input line 306.
\classnum@=\count93
\DOTSCASE@=\count94
LaTeX Info: Redefining \ldots on input line 378.
LaTeX Info: Redefining \dots on input line 381.
LaTeX Info: Redefining \cdots on input line 466.
\Mathstrutbox@=\box26
\strutbox@=\box27
\big@size=\dimen113
LaTeX Font Info:    Redeclaring font encoding OML on input line 566.
LaTeX Font Info:    Redeclaring font encoding OMS on input line 567.
\macc@depth=\count95
\c@MaxMatrixCols=\count96
\dotsspace@=\muskip10
\c@parentequation=\count97
\dspbrk@lvl=\count98
\tag@help=\toks17
\row@=\count99
\column@=\count100
\maxfields@=\count101
\andhelp@=\toks18
\eqnshift@=\dimen114
\alignsep@=\dimen115
\tagshift@=\dimen116
\tagwidth@=\dimen117
\totwidth@=\dimen118
\lineht@=\dimen119
\@envbody=\toks19
\multlinegap=\skip44
\multlinetaggap=\skip45
\mathdisplay@stack=\toks20
LaTeX Info: Redefining \[ on input line 2665.
LaTeX Info: Redefining \] on input line 2666.
)
(C:\Users\pt_ptsi\Desktop\LateX\tex\latex\amsfonts\amsfonts.sty
Package: amsfonts 2013/01/14 v3.01 Basic AMSFonts support
\symAMSa=\mathgroup4
\symAMSb=\mathgroup5
LaTeX Font Info:    Overwriting math alphabet `\mathfrak' in version `bold'
(Font)                  U/euf/m/n --> U/euf/b/n on input line 106.
)
(C:\Users\pt_ptsi\Desktop\LateX\tex\latex\amsfonts\amssymb.sty
Package: amssymb 2013/01/14 v3.01 AMS font symbols
)
(C:\Users\pt_ptsi\Desktop\LateX\tex\latex\tools\xspace.sty
Package: xspace 2014/10/28 v1.13 Space after command names (DPC,MH)
) (C:\Users\pt_ptsi\Desktop\LateX\tex\latex\xcolor\xcolor.sty
Package: xcolor 2007/01/21 v2.11 LaTeX color extensions (UK)

(C:\Users\pt_ptsi\Desktop\LateX\tex\latex\00miktex\color.cfg
File: color.cfg 2007/01/18 v1.5 color configuration of teTeX/TeXLive
)
Package xcolor Info: Driver file: pdftex.def on input line 225.

(C:\Users\pt_ptsi\Desktop\LateX\tex\latex\pdftex-def\pdftex.def
File: pdftex.def 2011/05/27 v0.06d Graphics/color for pdfTeX

(C:\Users\pt_ptsi\Desktop\LateX\tex\generic\oberdiek\infwarerr.sty
Package: infwarerr 2010/04/08 v1.3 Providing info/warning/error messages (HO)
)
(C:\Users\pt_ptsi\Desktop\LateX\tex\generic\oberdiek\ltxcmds.sty
Package: ltxcmds 2011/11/09 v1.22 LaTeX kernel commands for general use (HO)
)
\Gread@gobject=\count102
)
Package xcolor Info: Model `cmy' substituted by `cmy0' on input line 1337.
Package xcolor Info: Model `hsb' substituted by `rgb' on input line 1341.
Package xcolor Info: Model `RGB' extended on input line 1353.
Package xcolor Info: Model `HTML' substituted by `rgb' on input line 1355.
Package xcolor Info: Model `Hsb' substituted by `hsb' on input line 1356.
Package xcolor Info: Model `tHsb' substituted by `hsb' on input line 1357.
Package xcolor Info: Model `HSB' substituted by `hsb' on input line 1358.
Package xcolor Info: Model `Gray' substituted by `gray' on input line 1359.
Package xcolor Info: Model `wave' substituted by `hsb' on input line 1360.
)
(C:\Users\pt_ptsi\Desktop\LateX\tex\generic\dvips\rotate.sty
\rotdimen=\dimen120
) (C:\Users\pt_ptsi\Desktop\LateX\tex\latex\eepic\epic.sty
Enhancements to Picture Environment. Version 1.2 - Released June 1, 1986
\@@multicnt=\count103
\d@lta=\count104
\@delta=\dimen121
\@@delta=\dimen122
\@gridcnt=\count105
\@joinkind=\count106
\@dotgap=\dimen123
\@ddotgap=\dimen124
\@x@diff=\count107
\@y@diff=\count108
\x@diff=\dimen125
\y@diff=\dimen126
\@dotbox=\box28
\num@segments=\count109
\num@segmentsi=\count110
\@datafile=\read1
) (C:\Users\pt_ptsi\Desktop\LateX\tex\latex\eepic\eepic.sty
Extension to Epic and LaTeX. Version 1.1e - Released Dec 21, 1999
\@gphlinewidth=\count111
\@eepictcnt=\count112
\@tempdimc=\dimen127
\maxovaldiam=\dimen128
\@filltype=\box29
) (C:\Users\pt_ptsi\Desktop\LateX\tex\latex\graphics\graphicx.sty
Package: graphicx 2014/10/28 v1.0g Enhanced LaTeX Graphics (DPC,SPQR)

(C:\Users\pt_ptsi\Desktop\LateX\tex\latex\graphics\graphics.sty
Package: graphics 2014/10/28 v1.0p Standard LaTeX Graphics (DPC,SPQR)

(C:\Users\pt_ptsi\Desktop\LateX\tex\latex\graphics\trig.sty
Package: trig 1999/03/16 v1.09 sin cos tan (DPC)
)
(C:\Users\pt_ptsi\Desktop\LateX\tex\latex\00miktex\graphics.cfg
File: graphics.cfg 2007/01/18 v1.5 graphics configuration of teTeX/TeXLive
)
Package graphics Info: Driver file: pdftex.def on input line 94.
)
\Gin@req@height=\dimen129
\Gin@req@width=\dimen130
)
(C:\Users\pt_ptsi\Desktop\LateX\tex\generic\babel\babel.sty
Package: babel 2015/08/03 3.9m The Babel package

*************************************
* Local config file bblopts.cfg used
*
(C:\Users\pt_ptsi\Desktop\LateX\tex\latex\00miktex\bblopts.cfg
File: bblopts.cfg 2006/07/31 v1.0 MiKTeX 'babel' configuration
)
(C:\Users\pt_ptsi\AppData\Roaming\MiKTeX\2.9\tex\latex\babel-french\frenchb.ldf
Language: frenchb 2015/10/04 v3.1i French support from the babel system

(C:\Users\pt_ptsi\Desktop\LateX\tex\generic\babel\babel.def
File: babel.def 2015/08/03 3.9m Babel common definitions
\babel@savecnt=\count113
\U@D=\dimen131
)
\l@acadian = a dialect from \language\l@french 
\l@canadien = a dialect from \language\l@french 
\FBcolonskip=\skip46
\FBthinskip=\skip47
\FB@interchartokenstateORI=\count114
Package babel Info: Making : an active character on input line 356.
Package babel Info: Making ; an active character on input line 357.
Package babel Info: Making ! an active character on input line 358.
Package babel Info: Making ? an active character on input line 359.
\FBguillskip=\skip48
\FBguill@level=\count115
\FB@Mht=\dimen132
\std@mcc=\count116
\dec@mcc=\count117
\listindentFB=\skip49
\labelwidthFB=\skip50
\leftmarginFB=\skip51
\parindentFFN=\dimen133
))
(C:\Users\pt_ptsi\Desktop\LateX\tex\latex\carlisle\scalefnt.sty)
(C:\Users\pt_ptsi\Desktop\LateX\tex\latex\base\fontenc.sty
Package: fontenc 2005/09/27 v1.99g Standard LaTeX package
 (C:\Users\pt_ptsi\Desktop\LateX\tex\latex\base\t1enc.def
File: t1enc.def 2005/09/27 v1.99g Standard LaTeX file
LaTeX Font Info:    Redeclaring font encoding T1 on input line 48.
))
(C:\Users\pt_ptsi\Desktop\LateX\tex\latex\base\inputenc.sty
Package: inputenc 2015/03/17 v1.2c Input encoding file
\inpenc@prehook=\toks21
\inpenc@posthook=\toks22
 (C:\Users\pt_ptsi\Desktop\LateX\tex\latex\base\latin9.def
File: latin9.def 2015/03/17 v1.2c Input encoding file
))
(C:\Users\pt_ptsi\Desktop\LateX\tex\latex\eurosym\eurosym.sty
Package: eurosym 1998/08/06 v1.1 European currency symbol ``Euro''
\@eurobox=\box30
) (C:\Users\pt_ptsi\Desktop\LateX\tex\latex\lm\lmodern.sty
Package: lmodern 2009/10/30 v1.6 Latin Modern Fonts
LaTeX Font Info:    Overwriting symbol font `operators' in version `normal'
(Font)                  OT1/cmr/m/n --> OT1/lmr/m/n on input line 22.
LaTeX Font Info:    Overwriting symbol font `letters' in version `normal'
(Font)                  OML/cmm/m/it --> OML/lmm/m/it on input line 23.
LaTeX Font Info:    Overwriting symbol font `symbols' in version `normal'
(Font)                  OMS/cmsy/m/n --> OMS/lmsy/m/n on input line 24.
LaTeX Font Info:    Overwriting symbol font `largesymbols' in version `normal'
(Font)                  OMX/cmex/m/n --> OMX/lmex/m/n on input line 25.
LaTeX Font Info:    Overwriting symbol font `operators' in version `bold'
(Font)                  OT1/cmr/bx/n --> OT1/lmr/bx/n on input line 26.
LaTeX Font Info:    Overwriting symbol font `letters' in version `bold'
(Font)                  OML/cmm/b/it --> OML/lmm/b/it on input line 27.
LaTeX Font Info:    Overwriting symbol font `symbols' in version `bold'
(Font)                  OMS/cmsy/b/n --> OMS/lmsy/b/n on input line 28.
LaTeX Font Info:    Overwriting symbol font `largesymbols' in version `bold'
(Font)                  OMX/cmex/m/n --> OMX/lmex/m/n on input line 29.
LaTeX Font Info:    Overwriting math alphabet `\mathbf' in version `normal'
(Font)                  OT1/cmr/bx/n --> OT1/lmr/bx/n on input line 31.
LaTeX Font Info:    Overwriting math alphabet `\mathsf' in version `normal'
(Font)                  OT1/cmss/m/n --> OT1/lmss/m/n on input line 32.
LaTeX Font Info:    Overwriting math alphabet `\mathit' in version `normal'
(Font)                  OT1/cmr/m/it --> OT1/lmr/m/it on input line 33.
LaTeX Font Info:    Overwriting math alphabet `\mathtt' in version `normal'
(Font)                  OT1/cmtt/m/n --> OT1/lmtt/m/n on input line 34.
LaTeX Font Info:    Overwriting math alphabet `\mathbf' in version `bold'
(Font)                  OT1/cmr/bx/n --> OT1/lmr/bx/n on input line 35.
LaTeX Font Info:    Overwriting math alphabet `\mathsf' in version `bold'
(Font)                  OT1/cmss/bx/n --> OT1/lmss/bx/n on input line 36.
LaTeX Font Info:    Overwriting math alphabet `\mathit' in version `bold'
(Font)                  OT1/cmr/bx/it --> OT1/lmr/bx/it on input line 37.
LaTeX Font Info:    Overwriting math alphabet `\mathtt' in version `bold'
(Font)                  OT1/cmtt/m/n --> OT1/lmtt/m/n on input line 38.
) (C:\Users\pt_ptsi\Desktop\LateX\tex\latex\jknappen\mathrsfs.sty
Package: mathrsfs 1996/01/01 Math RSFS package v1.0 (jk)
\symrsfs=\mathgroup6
)
(C:\Users\pt_ptsi\Desktop\LateX\tex\latex\tools\multicol.sty
Package: multicol 2015/03/31 v1.8m multicolumn formatting (FMi)
\c@tracingmulticols=\count118
\mult@box=\box31
\multicol@leftmargin=\dimen134
\c@unbalance=\count119
\c@collectmore=\count120
\doublecol@number=\count121
\multicoltolerance=\count122
\multicolpretolerance=\count123
\full@width=\dimen135
\page@free=\dimen136
\premulticols=\dimen137
\postmulticols=\dimen138
\multicolsep=\skip52
\multicolbaselineskip=\skip53
\partial@page=\box32
\last@line=\box33
\maxbalancingoverflow=\dimen139
\mult@rightbox=\box34
\mult@grightbox=\box35
\mult@gfirstbox=\box36
\mult@firstbox=\box37
\@tempa=\box38
\@tempa=\box39
\@tempa=\box40
\@tempa=\box41
\@tempa=\box42
\@tempa=\box43
\@tempa=\box44
\@tempa=\box45
\@tempa=\box46
\@tempa=\box47
\@tempa=\box48
\@tempa=\box49
\@tempa=\box50
\@tempa=\box51
\@tempa=\box52
\@tempa=\box53
\@tempa=\box54
\c@columnbadness=\count124
\c@finalcolumnbadness=\count125
\last@try=\dimen140
\multicolovershoot=\dimen141
\multicolundershoot=\dimen142
\mult@nat@firstbox=\box55
\colbreak@box=\box56
\mc@col@check@num=\count126
)
(C:\Users\pt_ptsi\Desktop\LateX\tex\latex\fancybox\fancybox.sty
Package: fancybox 2010/05/15 1.4

Style option: `fancybox' v1.4 <2010/05/15> (tvz)
\@fancybox=\box57
\shadowsize=\dimen143
\@Sbox=\box58
\do@VerbBox=\toks23
\the@fancyput=\toks24
\this@fancyput=\toks25
\EndVerbatimTokens=\toks26
\Verbatim@Outfile=\write3
\Verbatim@Infile=\read2
) (C:\Users\pt_ptsi\Desktop\LateX\tex\latex\tools\tabularx.sty
Package: tabularx 2014/10/28 v2.10 `tabularx' package (DPC)
 (C:\Users\pt_ptsi\Desktop\LateX\tex\latex\tools\array.sty
Package: array 2014/10/28 v2.4c Tabular extension package (FMi)
\col@sep=\dimen144
\extrarowheight=\dimen145
\NC@list=\toks27
\extratabsurround=\skip54
\backup@length=\skip55
)
\TX@col@width=\dimen146
\TX@old@table=\dimen147
\TX@old@col=\dimen148
\TX@target=\dimen149
\TX@delta=\dimen150
\TX@cols=\count127
\TX@ftn=\toks28
) (C:\Users\pt_ptsi\Desktop\LateX\tex\latex\amscls\amsthm.sty
Package: amsthm 2015/03/04 v2.20.2
\thm@style=\toks29
\thm@bodyfont=\toks30
\thm@headfont=\toks31
\thm@notefont=\toks32
\thm@headpunct=\toks33
\thm@preskip=\skip56
\thm@postskip=\skip57
\thm@headsep=\skip58
\dth@everypar=\toks34
)
\c@exo=\count128

(C:\Users\pt_ptsi\Desktop\LateX\tex\latex\tools\verbatim.sty
Package: verbatim 2014/10/28 v1.5q LaTeX2e package for verbatim enhancements
\every@verbatim=\toks35
\verbatim@line=\toks36
\verbatim@in@stream=\read3
)
(C:\Users\pt_ptsi\Desktop\LateX\tex\latex\colortbl\colortbl.sty
Package: colortbl 2012/02/13 v1.0a Color table columns (DPC)
\everycr=\toks37
\minrowclearance=\skip59
)
(C:\Users\pt_ptsi\Desktop\LateX\tex\latex\framed\framed.sty
Package: framed 2011/10/22 v 0.96: framed or shaded text with page breaks
\OuterFrameSep=\skip60
\fb@frw=\dimen151
\fb@frh=\dimen152
\FrameRule=\dimen153
\FrameSep=\dimen154
)
\c@Question=\count129

(C:\Users\pt_ptsi\Desktop\LateX\tex\latex\listings\listings.sty
\lst@mode=\count130
\lst@gtempboxa=\box59
\lst@token=\toks38
\lst@length=\count131
\lst@currlwidth=\dimen155
\lst@column=\count132
\lst@pos=\count133
\lst@lostspace=\dimen156
\lst@width=\dimen157
\lst@newlines=\count134
\lst@lineno=\count135
\lst@maxwidth=\dimen158

(C:\Users\pt_ptsi\Desktop\LateX\tex\latex\listings\lstmisc.sty
File: lstmisc.sty 2015/06/04 1.6 (Carsten Heinz)
\c@lstnumber=\count136
\lst@skipnumbers=\count137
\lst@framebox=\box60
)
(C:\Users\pt_ptsi\Desktop\LateX\tex\latex\listings\listings.cfg
File: listings.cfg 2015/06/04 1.6 listings configuration
))
Package: listings 2015/06/04 1.6 (Carsten Heinz)

(C:\Users\pt_ptsi\Desktop\LateX\tex\latex\listings\lstlang1.sty
File: lstlang1.sty 2015/06/04 1.6 listings language file
)
\c@question=\count138
 ("Sujet IPT 2017.aux")
LaTeX Font Info:    Checking defaults for OML/cmm/m/it on input line 220.
LaTeX Font Info:    ... okay on input line 220.
LaTeX Font Info:    Checking defaults for T1/cmr/m/n on input line 220.
LaTeX Font Info:    ... okay on input line 220.
LaTeX Font Info:    Checking defaults for OT1/cmr/m/n on input line 220.
LaTeX Font Info:    ... okay on input line 220.
LaTeX Font Info:    Checking defaults for OMS/cmsy/m/n on input line 220.
LaTeX Font Info:    ... okay on input line 220.
LaTeX Font Info:    Checking defaults for OMX/cmex/m/n on input line 220.
LaTeX Font Info:    ... okay on input line 220.
LaTeX Font Info:    Checking defaults for U/cmr/m/n on input line 220.
LaTeX Font Info:    ... okay on input line 220.
LaTeX Font Info:    Try loading font information for T1+lmr on input line 220.

(C:\Users\pt_ptsi\Desktop\LateX\tex\latex\lm\t1lmr.fd
File: t1lmr.fd 2009/10/30 v1.6 Font defs for Latin Modern
)
*geometry* driver: auto-detecting
*geometry* detected driver: pdftex
*geometry* verbose mode - [ preamble ] result:
* driver: pdftex
* paper: a4paper
* layout: <same size as paper>
* layoutoffset:(h,v)=(0.0pt,0.0pt)
* modes: 
* h-part:(L,W,R)=(28.45276pt, 540.60236pt, 28.45276pt)
* v-part:(T,H,B)=(30.72897pt, 768.2244pt, 46.09348pt)
* \paperwidth=597.50787pt
* \paperheight=845.04684pt
* \textwidth=540.60236pt
* \textheight=796.67715pt
* \oddsidemargin=-43.81723pt
* \evensidemargin=-43.81723pt
* \topmargin=-123.44652pt
* \headheight=56.9055pt
* \headsep=25.0pt
* \topskip=10.0pt
* \footskip=56.9055pt
* \marginparwidth=57.0pt
* \marginparsep=11.0pt
* \columnsep=10.0pt
* \skip\footins=9.0pt plus 4.0pt minus 2.0pt
* \hoffset=0.0pt
* \voffset=-14.22636pt
* \mag=1000
* \@twocolumnfalse
* \@twosidefalse
* \@mparswitchfalse
* \@reversemarginfalse
* (1in=72.27pt=25.4mm, 1cm=28.453pt)

(C:\Users\pt_ptsi\Desktop\LateX\tex\context\base\supp-pdf.mkii
[Loading MPS to PDF converter (version 2006.09.02).]
\scratchcounter=\count139
\scratchdimen=\dimen159
\scratchbox=\box61
\nofMPsegments=\count140
\nofMParguments=\count141
\everyMPshowfont=\toks39
\MPscratchCnt=\count142
\MPscratchDim=\dimen160
\MPnumerator=\count143
\makeMPintoPDFobject=\count144
\everyMPtoPDFconversion=\toks40
)
LaTeX Info: Redefining \degres on input line 220.
LaTeX Info: Redefining \dots on input line 220.
LaTeX Info: Redefining \up on input line 220.
\c@lstlisting=\count145
LaTeX Font Info:    Try loading font information for T1+lmss on input line 227.
 (C:\Users\pt_ptsi\Desktop\LateX\tex\latex\lm\t1lmss.fd
File: t1lmss.fd 2009/10/30 v1.6 Font defs for Latin Modern
)
LaTeX Font Info:    Font shape `T1/lmss/m/it' in size <10> not available
(Font)              Font shape `T1/lmss/m/sl' tried instead on input line 227.

Underfull \hbox (badness 10000) in paragraph at lines 231--235

 []


Underfull \hbox (badness 10000) in paragraph at lines 236--242

 []


! LaTeX Error: File `logo_python' not found.

See the LaTeX manual or LaTeX Companion for explanation.
Type  H <return>  for immediate help.
 ...                                              
                                                  
l.275 
      
I could not locate the file with any of these extensions:
.png,.pdf,.jpg,.mps,.jpeg,.jbig2,.jb2,.PNG,.PDF,.JPG,.JPEG,.JBIG2,.JB2
Try typing  <return>  to proceed.
If that doesn't work, type  X <return>  to quit.

LaTeX Font Info:    Try loading font information for T1+lmtt on input line 276.
(C:\Users\pt_ptsi\Desktop\LateX\tex\latex\lm\t1lmtt.fd
File: t1lmtt.fd 2009/10/30 v1.6 Font defs for Latin Modern
)
LaTeX Font Info:    Font shape `T1/lmtt/bx/n' in size <10> not available
(Font)              Font shape `T1/lmtt/b/n' tried instead on input line 277.


! LaTeX Error: File `logo_python' not found.

See the LaTeX manual or LaTeX Companion for explanation.
Type  H <return>  for immediate help.
 ...                                              
                                                  
l.287 \end{py}
              
I could not locate the file with any of these extensions:
.png,.pdf,.jpg,.mps,.jpeg,.jbig2,.jb2,.PNG,.PDF,.JPG,.JPEG,.JBIG2,.JB2
Try typing  <return>  to proceed.
If that doesn't work, type  X <return>  to quit.


! LaTeX Error: File `logo_python' not found.

See the LaTeX manual or LaTeX Companion for explanation.
Type  H <return>  for immediate help.
 ...                                              
                                                  
l.287 \end{py}
              
I could not locate the file with any of these extensions:
.png,.pdf,.jpg,.mps,.jpeg,.jbig2,.jb2,.PNG,.PDF,.JPG,.JPEG,.JBIG2,.JB2
Try typing  <return>  to proceed.
If that doesn't work, type  X <return>  to quit.

LaTeX Font Info:    Try loading font information for OT1+lmr on input line 294.
(C:\Users\pt_ptsi\Desktop\LateX\tex\latex\lm\ot1lmr.fd
File: ot1lmr.fd 2009/10/30 v1.6 Font defs for Latin Modern
)
LaTeX Font Info:    Try loading font information for OML+lmm on input line 294.
 (C:\Users\pt_ptsi\Desktop\LateX\tex\latex\lm\omllmm.fd
File: omllmm.fd 2009/10/30 v1.6 Font defs for Latin Modern
)
LaTeX Font Info:    Try loading font information for OMS+lmsy on input line 294.

(C:\Users\pt_ptsi\Desktop\LateX\tex\latex\lm\omslmsy.fd
File: omslmsy.fd 2009/10/30 v1.6 Font defs for Latin Modern
)
LaTeX Font Info:    Try loading font information for OMX+lmex on input line 294.
 (C:\Users\pt_ptsi\Desktop\LateX\tex\latex\lm\omxlmex.fd
File: omxlmex.fd 2009/10/30 v1.6 Font defs for Latin Modern
)
LaTeX Font Info:    External font `lmex10' loaded for size
(Font)              <10> on input line 294.
LaTeX Font Info:    External font `lmex10' loaded for size
(Font)              <7> on input line 294.
LaTeX Font Info:    External font `lmex10' loaded for size
(Font)              <5> on input line 294.
LaTeX Font Info:    Try loading font information for U+msa on input line 294.

(C:\Users\pt_ptsi\Desktop\LateX\tex\latex\amsfonts\umsa.fd
File: umsa.fd 2013/01/14 v3.01 AMS symbols A
)
LaTeX Font Info:    Try loading font information for U+msb on input line 294.
 (C:\Users\pt_ptsi\Desktop\LateX\tex\latex\amsfonts\umsb.fd
File: umsb.fd 2013/01/14 v3.01 AMS symbols B
)
LaTeX Font Info:    Try loading font information for U+rsfs on input line 294.

(C:\Users\pt_ptsi\Desktop\LateX\tex\latex\jknappen\ursfs.fd
File: ursfs.fd 1998/03/24 rsfs font definition file (jk)
)
Underfull \hbox (badness 10000) in paragraph at lines 298--301

 []


Underfull \hbox (badness 10000) in paragraph at lines 302--304

 []


Underfull \hbox (badness 10000) in paragraph at lines 305--307

 []

[1

{C:/Users/pt_ptsi/AppData/Local/MiKTeX/2.9/pdftex/config/pdftex.map}]
Underfull \hbox (badness 10000) in paragraph at lines 308--313

 []


Underfull \hbox (badness 10000) in paragraph at lines 318--324

 []


! LaTeX Error: File `logo_python' not found.

See the LaTeX manual or LaTeX Companion for explanation.
Type  H <return>  for immediate help.
 ...                                              
                                                  
l.330 \begin
            {lstlisting}
I could not locate the file with any of these extensions:
.png,.pdf,.jpg,.mps,.jpeg,.jbig2,.jb2,.PNG,.PDF,.JPG,.JPEG,.JBIG2,.JB2
Try typing  <return>  to proceed.
If that doesn't work, type  X <return>  to quit.


! LaTeX Error: File `logo_python' not found.

See the LaTeX manual or LaTeX Companion for explanation.
Type  H <return>  for immediate help.
 ...                                              
                                                  
l.335 \end{py}
              
I could not locate the file with any of these extensions:
.png,.pdf,.jpg,.mps,.jpeg,.jbig2,.jb2,.PNG,.PDF,.JPG,.JPEG,.JBIG2,.JB2
Try typing  <return>  to proceed.
If that doesn't work, type  X <return>  to quit.


! LaTeX Error: File `logo_python' not found.

See the LaTeX manual or LaTeX Companion for explanation.
Type  H <return>  for immediate help.
 ...                                              
                                                  
l.335 \end{py}
              
I could not locate the file with any of these extensions:
.png,.pdf,.jpg,.mps,.jpeg,.jbig2,.jb2,.PNG,.PDF,.JPG,.JPEG,.JBIG2,.JB2
Try typing  <return>  to proceed.
If that doesn't work, type  X <return>  to quit.


Underfull \hbox (badness 10000) in paragraph at lines 336--338

 []


! LaTeX Error: File `logo_python' not found.

See the LaTeX manual or LaTeX Companion for explanation.
Type  H <return>  for immediate help.
 ...                                              
                                                  
l.346 \begin
            {lstlisting}
I could not locate the file with any of these extensions:
.png,.pdf,.jpg,.mps,.jpeg,.jbig2,.jb2,.PNG,.PDF,.JPG,.JPEG,.JBIG2,.JB2
Try typing  <return>  to proceed.
If that doesn't work, type  X <return>  to quit.


! LaTeX Error: File `logo_python' not found.

See the LaTeX manual or LaTeX Companion for explanation.
Type  H <return>  for immediate help.
 ...                                              
                                                  
l.351 \end{py}
              
I could not locate the file with any of these extensions:
.png,.pdf,.jpg,.mps,.jpeg,.jbig2,.jb2,.PNG,.PDF,.JPG,.JPEG,.JBIG2,.JB2
Try typing  <return>  to proceed.
If that doesn't work, type  X <return>  to quit.


! LaTeX Error: File `logo_python' not found.

See the LaTeX manual or LaTeX Companion for explanation.
Type  H <return>  for immediate help.
 ...                                              
                                                  
l.351 \end{py}
              
I could not locate the file with any of these extensions:
.png,.pdf,.jpg,.mps,.jpeg,.jbig2,.jb2,.PNG,.PDF,.JPG,.JPEG,.JBIG2,.JB2
Try typing  <return>  to proceed.
If that doesn't work, type  X <return>  to quit.


LaTeX Warning: Command \textdegree invalid in math mode on input line 368.


LaTeX Warning: Command \textdegree invalid in math mode on input line 372.


LaTeX Warning: Command \textdegree invalid in math mode on input line 372.


LaTeX Warning: Command \textdegree invalid in math mode on input line 373.


Underfull \hbox (badness 10000) in paragraph at lines 375--376

 []

[2]

LaTeX Warning: Command \textdegree invalid in math mode on input line 384.


LaTeX Warning: Command \textdegree invalid in math mode on input line 384.


LaTeX Warning: Command \textdegree invalid in math mode on input line 384.

<images/courbe.png, id=22, 578.16pt x 431.4519pt>
File: images/courbe.png Graphic file (type png)
 <use images/courbe.png>
Package pdftex.def Info: images/courbe.png used on input line 388.
(pdftex.def)             Requested size: 324.3647pt x 242.0525pt.


LaTeX Warning: Command \textdegree invalid in math mode on input line 397.


LaTeX Warning: Command \textdegree invalid in math mode on input line 397.


Underfull \hbox (badness 10000) in paragraph at lines 418--420

 []

[3 <./images/courbe.png>]
Underfull \hbox (badness 10000) in paragraph at lines 509--512

 []


Underfull \hbox (badness 10000) in paragraph at lines 513--518

 []


Underfull \hbox (badness 10000) in paragraph at lines 526--540

 []

[4]

! LaTeX Error: File `logo_python' not found.

See the LaTeX manual or LaTeX Companion for explanation.
Type  H <return>  for immediate help.
 ...                                              
                                                  
l.595 \begin
            {lstlisting}
I could not locate the file with any of these extensions:
.png,.pdf,.jpg,.mps,.jpeg,.jbig2,.jb2,.PNG,.PDF,.JPG,.JPEG,.JBIG2,.JB2
Try typing  <return>  to proceed.
If that doesn't work, type  X <return>  to quit.


! LaTeX Error: File `logo_python' not found.

See the LaTeX manual or LaTeX Companion for explanation.
Type  H <return>  for immediate help.
 ...                                              
                                                  
l.613 \end{py}
              
I could not locate the file with any of these extensions:
.png,.pdf,.jpg,.mps,.jpeg,.jbig2,.jb2,.PNG,.PDF,.JPG,.JPEG,.JBIG2,.JB2
Try typing  <return>  to proceed.
If that doesn't work, type  X <return>  to quit.


! LaTeX Error: File `logo_python' not found.

See the LaTeX manual or LaTeX Companion for explanation.
Type  H <return>  for immediate help.
 ...                                              
                                                  
l.613 \end{py}
              
I could not locate the file with any of these extensions:
.png,.pdf,.jpg,.mps,.jpeg,.jbig2,.jb2,.PNG,.PDF,.JPG,.JPEG,.JBIG2,.JB2
Try typing  <return>  to proceed.
If that doesn't work, type  X <return>  to quit.


Underfull \hbox (badness 10000) in paragraph at lines 636--639

 []


Underfull \hbox (badness 10000) in paragraph at lines 653--659

 []


Underfull \hbox (badness 10000) in paragraph at lines 660--664

 []


Underfull \hbox (badness 10000) in paragraph at lines 666--673

 []

[5]
Underfull \hbox (badness 10000) in paragraph at lines 706--708

 []


Underfull \hbox (badness 10000) in paragraph at lines 737--741

 []


Underfull \hbox (badness 10000) in paragraph at lines 742--745

 []


Underfull \hbox (badness 10000) in paragraph at lines 746--749

 []


Underfull \hbox (badness 10000) in paragraph at lines 752--756

 []

[6] ("Sujet IPT 2017.aux") ) 
Here is how much of TeX's memory you used:
 7195 strings out of 493673
 94389 string characters out of 3142764
 205638 words of memory out of 3000000
 10375 multiletter control sequences out of 15000+200000
 46147 words of font info for 46 fonts, out of 3000000 for 9000
 1025 hyphenation exceptions out of 8191
 34i,9n,40p,565b,1257s stack positions out of 5000i,500n,10000p,200000b,50000s
{C:/Users/pt_ptsi/Desktop/LateX/fonts/enc/dvips/lm/lm-mathit.enc}{C:/Users/pt_ptsi/Desktop/L
ateX/fonts/enc/dvips/lm/lm-mathsy.enc}{C:/Users/pt_ptsi/Desktop/LateX/fonts/enc/dvips/lm/lm-rm.enc}{C:/Users/pt_ptsi/Des
ktop/LateX/fonts/enc/dvips/lm/lm-ec.enc}<C:/Users/pt_ptsi/Desktop/LateX/fonts/type1/public/lm/lmbx10.pfb><C:/Users/pt_pt
si/Desktop/LateX/fonts/type1/public/lm/lmbx12.pfb><C:/Users/pt_ptsi/Desktop/LateX/fonts/type1/public/lm/lmmi10.pfb><C:/U
sers/pt_ptsi/Desktop/LateX/fonts/type1/public/lm/lmmi7.pfb><C:/Users/pt_ptsi/Desktop/LateX/fonts/type1/public/lm/lmr10.p
fb><C:/Users/pt_ptsi/Desktop/LateX/fonts/type1/public/lm/lmr17.pfb><C:/Users/pt_ptsi/Desktop/LateX/fonts/type1/public/lm
/lmr7.pfb><C:/Users/pt_ptsi/Desktop/LateX/fonts/type1/public/lm/lmri10.pfb><C:/Users/pt_ptsi/Desktop/LateX/fonts/type1/p
ublic/lm/lmsso10.pfb><C:/Users/pt_ptsi/Desktop/LateX/fonts/type1/public/lm/lmsy10.pfb><C:/Users/pt_ptsi/Desktop/LateX/fo
nts/type1/public/lm/lmsy7.pfb><C:/Users/pt_ptsi/Desktop/LateX/fonts/type1/public/lm/lmtk10.pfb><C:/Users/pt_ptsi/Desktop
/LateX/fonts/type1/public/lm/lmtt10.pfb><C:/Users/pt_ptsi/Desktop/LateX/fonts/type1/public/lm/lmtti10.pfb><C:/Users/pt_p
tsi/Desktop/LateX/fonts/type1/public/amsfonts/symbols/msam10.pfb>
Output written on "Sujet IPT 2017.pdf" (6 pages, 316565 bytes).
PDF statistics:
 90 PDF objects out of 1000 (max. 8388607)
 0 named destinations out of 1000 (max. 500000)
 6 words of extra memory for PDF output out of 10000 (max. 10000000)

